# JRE version: Java(TM) SE Runtime Environment (8.0_131-b11) (build 1.8.0_131-b11)
# Java VM: Java HotSpot(TM) 64-Bit Server VM (25.131-b11 mixed mode windows-amd64 compressed oops)
Heap:
 PSYoungGen      total 66560K, used 12351K [0x00000000d5c00000, 0x00000000dd980000, 0x0000000100000000)
  eden space 61440K, 11% used [0x00000000d5c00000,0x00000000d63175e0,0x00000000d9800000)
  from space 5120K, 99% used [0x00000000da200000,0x00000000da6f8900,0x00000000da700000)
  to   space 10240K, 0% used [0x00000000d9800000,0x00000000d9800000,0x00000000da200000)
 ParOldGen       total 55808K, used 10032K [0x0000000081400000, 0x0000000084a80000, 0x00000000d5c00000)
  object space 55808K, 17% used [0x0000000081400000,0x0000000081dcc318,0x0000000084a80000)
 Metaspace       used 30292K, capacity 30616K, committed 31104K, reserved 1077248K
  class space    used 3814K, capacity 3898K, committed 3968K, reserved 1048576K
GC Heap History (10 events):
Event: 2.358 GC heap before
{Heap before GC invocations=3 (full 0):
 PSYoungGen      total 38400K, used 38319K [0x00000000d5c00000, 0x00000000d8680000, 0x0000000100000000)
  eden space 33280K, 100% used [0x00000000d5c00000,0x00000000d7c80000,0x00000000d7c80000)
  from space 5120K, 98% used [0x00000000d8180000,0x00000000d866bf98,0x00000000d8680000)
  to   space 5120K, 0% used [0x00000000d7c80000,0x00000000d7c80000,0x00000000d8180000)
 ParOldGen       total 87552K, used 88K [0x0000000081400000, 0x0000000086980000, 0x00000000d5c00000)
  object space 87552K, 0% used [0x0000000081400000,0x0000000081416010,0x0000000086980000)
 Metaspace       used 13616K, capacity 13776K, committed 13952K, reserved 1060864K
  class space    used 1640K, capacity 1659K, committed 1664K, reserved 1048576K
Event: 2.365 GC heap after
Heap after GC invocations=3 (full 0):
 PSYoungGen      total 38400K, used 5118K [0x00000000d5c00000, 0x00000000da700000, 0x0000000100000000)
  eden space 33280K, 0% used [0x00000000d5c00000,0x00000000d5c00000,0x00000000d7c80000)
  from space 5120K, 99% used [0x00000000d7c80000,0x00000000d817fa28,0x00000000d8180000)
  to   space 5120K, 0% used [0x00000000da200000,0x00000000da200000,0x00000000da700000)
 ParOldGen       total 87552K, used 745K [0x0000000081400000, 0x0000000086980000, 0x00000000d5c00000)
  object space 87552K, 0% used [0x0000000081400000,0x00000000814ba420,0x0000000086980000)
 Metaspace       used 13616K, capacity 13776K, committed 13952K, reserved 1060864K
  class space    used 1640K, capacity 1659K, committed 1664K, reserved 1048576K
}
Event: 2.809 GC heap before
{Heap before GC invocations=4 (full 0):
 PSYoungGen      total 38400K, used 38398K [0x00000000d5c00000, 0x00000000da700000, 0x0000000100000000)
  eden space 33280K, 100% used [0x00000000d5c00000,0x00000000d7c80000,0x00000000d7c80000)
  from space 5120K, 99% used [0x00000000d7c80000,0x00000000d817fa28,0x00000000d8180000)
  to   space 5120K, 0% used [0x00000000da200000,0x00000000da200000,0x00000000da700000)
 ParOldGen       total 87552K, used 745K [0x0000000081400000, 0x0000000086980000, 0x00000000d5c00000)
  object space 87552K, 0% used [0x0000000081400000,0x00000000814ba420,0x0000000086980000)
 Metaspace       used 17501K, capacity 17666K, committed 18048K, reserved 1064960K
  class space    used 2043K, capacity 2078K, committed 2176K, reserved 1048576K
Event: 2.815 GC heap after
Heap after GC invocations=4 (full 0):
 PSYoungGen      total 71680K, used 5091K [0x00000000d5c00000, 0x00000000da700000, 0x0000000100000000)
  eden space 66560K, 0% used [0x00000000d5c00000,0x00000000d5c00000,0x00000000d9d00000)
  from space 5120K, 99% used [0x00000000da200000,0x00000000da6f8c58,0x00000000da700000)
  to   space 5120K, 0% used [0x00000000d9d00000,0x00000000d9d00000,0x00000000da200000)
 ParOldGen       total 87552K, used 2749K [0x0000000081400000, 0x0000000086980000, 0x00000000d5c00000)
  object space 87552K, 3% used [0x0000000081400000,0x00000000816af540,0x0000000086980000)
 Metaspace       used 17501K, capacity 17666K, committed 18048K, reserved 1064960K
  class space    used 2043K, capacity 2078K, committed 2176K, reserved 1048576K
}
Event: 3.093 GC heap before
{Heap before GC invocations=5 (full 0):
 PSYoungGen      total 71680K, used 30044K [0x00000000d5c00000, 0x00000000da700000, 0x0000000100000000)
  eden space 66560K, 37% used [0x00000000d5c00000,0x00000000d745e4e8,0x00000000d9d00000)
  from space 5120K, 99% used [0x00000000da200000,0x00000000da6f8c58,0x00000000da700000)
  to   space 5120K, 0% used [0x00000000d9d00000,0x00000000d9d00000,0x00000000da200000)
 ParOldGen       total 87552K, used 2749K [0x0000000081400000, 0x0000000086980000, 0x00000000d5c00000)
  object space 87552K, 3% used [0x0000000081400000,0x00000000816af540,0x0000000086980000)
 Metaspace       used 20822K, capacity 21100K, committed 21296K, reserved 1069056K
  class space    used 2548K, capacity 2648K, committed 2688K, reserved 1048576K
Event: 3.100 GC heap after
Heap after GC invocations=5 (full 0):
 PSYoungGen      total 71680K, used 5100K [0x00000000d5c00000, 0x00000000da700000, 0x0000000100000000)
  eden space 66560K, 0% used [0x00000000d5c00000,0x00000000d5c00000,0x00000000d9d00000)
  from space 5120K, 99% used [0x00000000d9d00000,0x00000000da1fb280,0x00000000da200000)
  to   space 5120K, 0% used [0x00000000da200000,0x00000000da200000,0x00000000da700000)
 ParOldGen       total 87552K, used 4567K [0x0000000081400000, 0x0000000086980000, 0x00000000d5c00000)
  object space 87552K, 5% used [0x0000000081400000,0x0000000081875f38,0x0000000086980000)
 Metaspace       used 20822K, capacity 21100K, committed 21296K, reserved 1069056K
  class space    used 2548K, capacity 2648K, committed 2688K, reserved 1048576K
}
Event: 3.100 GC heap before
{Heap before GC invocations=6 (full 1):
 PSYoungGen      total 71680K, used 5100K [0x00000000d5c00000, 0x00000000da700000, 0x0000000100000000)
  eden space 66560K, 0% used [0x00000000d5c00000,0x00000000d5c00000,0x00000000d9d00000)
  from space 5120K, 99% used [0x00000000d9d00000,0x00000000da1fb280,0x00000000da200000)
  to   space 5120K, 0% used [0x00000000da200000,0x00000000da200000,0x00000000da700000)
 ParOldGen       total 87552K, used 4567K [0x0000000081400000, 0x0000000086980000, 0x00000000d5c00000)
  object space 87552K, 5% used [0x0000000081400000,0x0000000081875f38,0x0000000086980000)
 Metaspace       used 20822K, capacity 21100K, committed 21296K, reserved 1069056K
  class space    used 2548K, capacity 2648K, committed 2688K, reserved 1048576K
Event: 3.126 GC heap after
Heap after GC invocations=6 (full 1):
 PSYoungGen      total 71680K, used 0K [0x00000000d5c00000, 0x00000000da700000, 0x0000000100000000)
  eden space 66560K, 0% used [0x00000000d5c00000,0x00000000d5c00000,0x00000000d9d00000)
  from space 5120K, 0% used [0x00000000d9d00000,0x00000000d9d00000,0x00000000da200000)
  to   space 5120K, 0% used [0x00000000da200000,0x00000000da200000,0x00000000da700000)
 ParOldGen       total 55808K, used 6830K [0x0000000081400000, 0x0000000084a80000, 0x00000000d5c00000)
  object space 55808K, 12% used [0x0000000081400000,0x0000000081aab818,0x0000000084a80000)
 Metaspace       used 20822K, capacity 21100K, committed 21296K, reserved 1069056K
  class space    used 2548K, capacity 2648K, committed 2688K, reserved 1048576K
}
Event: 4.092 GC heap before
{Heap before GC invocations=7 (full 1):
 PSYoungGen      total 71680K, used 66560K [0x00000000d5c00000, 0x00000000da700000, 0x0000000100000000)
  eden space 66560K, 100% used [0x00000000d5c00000,0x00000000d9d00000,0x00000000d9d00000)
  from space 5120K, 0% used [0x00000000d9d00000,0x00000000d9d00000,0x00000000da200000)
  to   space 5120K, 0% used [0x00000000da200000,0x00000000da200000,0x00000000da700000)
 ParOldGen       total 55808K, used 6830K [0x0000000081400000, 0x0000000084a80000, 0x00000000d5c00000)
  object space 55808K, 12% used [0x0000000081400000,0x0000000081aab818,0x0000000084a80000)
 Metaspace       used 29502K, capacity 29804K, committed 30208K, reserved 1075200K
  class space    used 3719K, capacity 3798K, committed 3840K, reserved 1048576K
Event: 4.105 GC heap after
Heap after GC invocations=7 (full 1):
 PSYoungGen      total 66560K, used 5090K [0x00000000d5c00000, 0x00000000dd980000, 0x0000000100000000)
  eden space 61440K, 0% used [0x00000000d5c00000,0x00000000d5c00000,0x00000000d9800000)
  from space 5120K, 99% used [0x00000000da200000,0x00000000da6f8900,0x00000000da700000)
  to   space 10240K, 0% used [0x00000000d9800000,0x00000000d9800000,0x00000000da200000)
 ParOldGen       total 55808K, used 10032K [0x0000000081400000, 0x0000000084a80000, 0x00000000d5c00000)
  object space 55808K, 17% used [0x0000000081400000,0x0000000081dcc318,0x0000000084a80000)
 Metaspace       used 29502K, capacity 29804K, committed 30208K, reserved 1075200K
  class space    used 3719K, capacity 3798K, committed 3840K, reserved 1048576K
}

